<?xml version="1.0" encoding="UTF-8"?>
<!-- Generated by org.testng.reporters.JUnitXMLReporter -->
<testsuite hostname="ML-HP" ignored="0" name="Search" tests="3" failures="0" timestamp="26 aug 2019 14:08:55 GMT" time="19.26" errors="0">
  <testcase name="S01_01_SuccessfulLogin" time="2.477" classname="test.S01_Login"/>
  <testcase name="S01_02_InvalidUsername" time="2.654" classname="test.S01_Login"/>
  <testcase name="S01_03_InvalidPassword" time="2.849" classname="test.S01_Login"/>
</testsuite> <!-- Search -->
